{
  "Cucumber Features": {
    "coverage": {
      "/home/codio/workspace/student_tutor_matching/app/models/authorization.rb": {
        "lines": [
          1,
          1,
          1,
          null,
          1,
          1,
          null,
          null,
          1,
          null,
          9,
          null,
          null,
          1,
          16,
          null,
          null
        ]
      },
      "/home/codio/workspace/student_tutor_matching/app/models/user.rb": {
        "lines": [
          1,
          1,
          1,
          1,
          1,
          null,
          null,
          1,
          1,
          9,
          null,
          null,
          1,
          2,
          null,
          null,
          null,
          1,
          1,
          null,
          null,
          1,
          7,
          null,
          null,
          null,
          null
        ]
      },
      "/home/codio/workspace/student_tutor_matching/app/controllers/welcome_controller.rb": {
        "lines": [
          1,
          1,
          1,
          17,
          null,
          null
        ]
      },
      "/home/codio/workspace/student_tutor_matching/app/controllers/application_controller.rb": {
        "lines": [
          1,
          null,
          null,
          1,
          1,
          1,
          null,
          null,
          1,
          null,
          1,
          13,
          null,
          null,
          null,
          1,
          null,
          14,
          null,
          null,
          null,
          1,
          9,
          null,
          null,
          null,
          null,
          null,
          null
        ]
      },
      "/home/codio/workspace/student_tutor_matching/app/helpers/application_helper.rb": {
        "lines": [
          1,
          null
        ]
      },
      "/home/codio/workspace/student_tutor_matching/app/helpers/profiles_helper.rb": {
        "lines": [
          1,
          null
        ]
      },
      "/home/codio/workspace/student_tutor_matching/app/helpers/schedules_controller_helper.rb": {
        "lines": [
          1,
          null
        ]
      },
      "/home/codio/workspace/student_tutor_matching/app/helpers/sessions_helper.rb": {
        "lines": [
          1,
          null
        ]
      },
      "/home/codio/workspace/student_tutor_matching/app/controllers/sessions_controller.rb": {
        "lines": [
          1,
          1,
          null,
          1,
          0,
          0,
          null,
          null,
          1,
          9,
          null,
          9,
          7,
          7,
          7,
          7,
          7,
          3,
          3,
          null,
          2,
          1,
          1,
          1,
          1,
          1,
          1,
          1,
          null,
          5,
          5,
          5,
          null,
          null,
          null,
          null,
          1,
          0,
          0,
          0,
          0,
          0,
          0,
          0,
          null,
          0,
          null,
          null,
          0,
          null,
          null,
          1,
          null,
          0,
          0,
          0,
          null,
          null,
          null,
          1,
          1,
          1,
          1,
          1,
          1,
          null,
          null,
          1,
          null,
          1,
          0,
          0,
          0,
          0,
          0,
          0,
          null,
          0,
          null,
          null,
          null,
          null,
          1,
          null,
          26,
          26,
          null,
          null
        ]
      },
      "/home/codio/workspace/student_tutor_matching/app/controllers/subjects_controller.rb": {
        "lines": [
          1,
          null,
          null,
          1,
          4,
          null,
          null,
          null,
          null,
          1,
          null,
          0,
          null,
          null,
          null,
          1,
          0,
          null,
          null,
          null,
          1,
          0,
          null,
          null,
          1,
          0,
          0,
          0,
          null,
          null,
          null,
          null,
          1,
          0,
          0,
          0,
          0,
          null,
          null,
          null,
          1,
          0,
          0,
          0,
          0,
          null,
          null,
          1,
          null,
          1,
          0,
          null,
          null,
          null,
          null,
          1,
          0,
          null,
          null
        ]
      },
      "/home/codio/workspace/student_tutor_matching/app/models/subject.rb": {
        "lines": [
          1,
          null
        ]
      },
      "/home/codio/workspace/student_tutor_matching/app/controllers/pairings_controller.rb": {
        "lines": [
          1,
          1,
          null,
          1,
          6,
          null,
          null,
          1,
          null,
          null,
          1,
          null,
          null,
          1,
          null,
          null,
          null,
          1,
          null,
          null,
          null,
          null,
          null
        ]
      },
      "/home/codio/workspace/student_tutor_matching/app/models/pairing.rb": {
        "lines": [
          1,
          null
        ]
      },
      "/home/codio/workspace/student_tutor_matching/app/controllers/about_controller.rb": {
        "lines": [
          1,
          1,
          null,
          null
        ]
      },
      "/home/codio/workspace/student_tutor_matching/app/models/profile.rb": {
        "lines": [
          1,
          1,
          null
        ]
      },
      "/home/codio/workspace/student_tutor_matching/app/controllers/profiles_controller.rb": {
        "lines": [
          1,
          1,
          null,
          null,
          1,
          0,
          null,
          null,
          null,
          1,
          null,
          null,
          null,
          1,
          0,
          null,
          null,
          null,
          1,
          null,
          null,
          null,
          1,
          0,
          null,
          0,
          0,
          null,
          0,
          null,
          null,
          null,
          null,
          1,
          0,
          0,
          null,
          0,
          null,
          null,
          null,
          null,
          1,
          0,
          0,
          null,
          null,
          1,
          null,
          1,
          1,
          null,
          null,
          null,
          1,
          0,
          null,
          null
        ]
      },
      "/home/codio/workspace/student_tutor_matching/app/models/schedule.rb": {
        "lines": [
          1,
          null
        ]
      },
      "/home/codio/workspace/student_tutor_matching/app/controllers/schedules_controller.rb": {
        "lines": [
          1,
          null,
          1,
          1,
          null,
          null,
          null,
          null,
          1,
          null,
          0,
          null,
          null,
          null,
          1,
          0,
          null,
          null,
          null,
          1,
          0,
          null,
          null,
          1,
          0,
          0,
          0,
          null,
          null,
          null,
          null,
          1,
          0,
          0,
          0,
          0,
          null,
          null,
          null,
          1,
          0,
          0,
          0,
          0,
          null,
          null,
          1,
          null,
          1,
          0,
          null,
          null,
          null,
          null,
          1,
          0,
          null,
          null,
          null
        ]
      },
      "/home/codio/workspace/student_tutor_matching/app/controllers/movies_controller.rb": {
        "lines": [
          0,
          0,
          null,
          null,
          null,
          0,
          0,
          0,
          null,
          null,
          null,
          0,
          0,
          null,
          null,
          0,
          0,
          0,
          null,
          null,
          0,
          0,
          null,
          null,
          null,
          0,
          0,
          null,
          0,
          0,
          0,
          0,
          0,
          0,
          0,
          0,
          0,
          0,
          null,
          null,
          null,
          0,
          0,
          0,
          0,
          0,
          0,
          0,
          0,
          0,
          0,
          0,
          null,
          null,
          null,
          0,
          0,
          0,
          0,
          0,
          0,
          0,
          null,
          0,
          null,
          0,
          0,
          0,
          null,
          null,
          0,
          0,
          0,
          0
        ],
        "branches": {
        }
      },
      "/home/codio/workspace/student_tutor_matching/app/models/movie.rb": {
        "lines": [
          0,
          0
        ],
        "branches": {
        }
      }
    },
    "timestamp": 1622146971
  },
  "RSpec": {
    "coverage": {
      "/home/codio/workspace/student_tutor_matching/app/helpers/application_helper.rb": {
        "lines": [
          1,
          null
        ]
      },
      "/home/codio/workspace/student_tutor_matching/app/helpers/profiles_helper.rb": {
        "lines": [
          1,
          null
        ]
      },
      "/home/codio/workspace/student_tutor_matching/app/helpers/schedules_controller_helper.rb": {
        "lines": [
          1,
          null
        ]
      },
      "/home/codio/workspace/student_tutor_matching/app/helpers/sessions_helper.rb": {
        "lines": [
          1,
          null
        ]
      },
      "/home/codio/workspace/student_tutor_matching/app/controllers/schedules_controller.rb": {
        "lines": [
          1,
          null,
          1,
          1,
          null,
          null,
          null,
          null,
          1,
          null,
          3,
          null,
          null,
          null,
          1,
          1,
          null,
          null,
          null,
          1,
          3,
          null,
          null,
          1,
          3,
          3,
          3,
          null,
          null,
          null,
          null,
          1,
          4,
          4,
          4,
          4,
          null,
          null,
          null,
          1,
          4,
          4,
          4,
          4,
          null,
          null,
          1,
          null,
          1,
          0,
          null,
          null,
          null,
          null,
          1,
          7,
          null,
          null,
          null
        ]
      },
      "/home/codio/workspace/student_tutor_matching/app/controllers/application_controller.rb": {
        "lines": [
          1,
          null,
          null,
          1,
          1,
          1,
          null,
          null,
          1,
          null,
          1,
          38,
          null,
          null,
          null,
          1,
          null,
          38,
          null,
          null,
          null,
          1,
          13,
          null,
          null,
          null,
          null,
          null,
          null
        ]
      },
      "/home/codio/workspace/student_tutor_matching/app/controllers/sessions_controller.rb": {
        "lines": [
          1,
          1,
          null,
          1,
          0,
          0,
          null,
          null,
          1,
          15,
          null,
          15,
          7,
          7,
          7,
          7,
          7,
          7,
          7,
          null,
          8,
          8,
          8,
          8,
          8,
          8,
          8,
          8,
          null,
          0,
          0,
          0,
          null,
          null,
          null,
          null,
          1,
          0,
          0,
          0,
          0,
          0,
          0,
          0,
          null,
          0,
          null,
          null,
          0,
          null,
          null,
          1,
          null,
          0,
          0,
          0,
          null,
          null,
          null,
          1,
          0,
          0,
          0,
          0,
          0,
          null,
          null,
          1,
          null,
          1,
          0,
          0,
          0,
          0,
          0,
          0,
          null,
          0,
          null,
          null,
          null,
          null,
          1,
          null,
          45,
          45,
          null,
          null
        ]
      },
      "/home/codio/workspace/student_tutor_matching/app/controllers/subjects_controller.rb": {
        "lines": [
          1,
          null,
          null,
          1,
          1,
          null,
          null,
          null,
          null,
          1,
          null,
          3,
          null,
          null,
          null,
          1,
          1,
          null,
          null,
          null,
          1,
          3,
          null,
          null,
          1,
          3,
          3,
          3,
          null,
          null,
          null,
          null,
          1,
          4,
          4,
          4,
          4,
          null,
          null,
          null,
          1,
          4,
          4,
          4,
          4,
          null,
          null,
          1,
          null,
          1,
          0,
          null,
          null,
          null,
          null,
          1,
          7,
          null,
          null
        ]
      },
      "/home/codio/workspace/student_tutor_matching/app/models/authorization.rb": {
        "lines": [
          1,
          1,
          1,
          null,
          1,
          8,
          null,
          null,
          1,
          null,
          15,
          null,
          null,
          1,
          24,
          null,
          null
        ]
      },
      "/home/codio/workspace/student_tutor_matching/app/models/pairing.rb": {
        "lines": [
          1,
          null
        ]
      },
      "/home/codio/workspace/student_tutor_matching/app/models/profile.rb": {
        "lines": [
          1,
          1,
          null
        ]
      },
      "/home/codio/workspace/student_tutor_matching/app/models/schedule.rb": {
        "lines": [
          1,
          null
        ]
      },
      "/home/codio/workspace/student_tutor_matching/app/models/subject.rb": {
        "lines": [
          1,
          null
        ]
      },
      "/home/codio/workspace/student_tutor_matching/app/models/user.rb": {
        "lines": [
          1,
          1,
          1,
          1,
          1,
          null,
          null,
          1,
          1,
          67,
          null,
          null,
          1,
          12,
          null,
          null,
          null,
          1,
          8,
          null,
          null,
          1,
          9,
          null,
          null,
          null,
          null
        ]
      },
      "/home/codio/workspace/student_tutor_matching/app/controllers/profiles_controller.rb": {
        "lines": [
          0,
          0,
          null,
          null,
          0,
          0,
          0,
          null,
          null,
          0,
          0,
          null,
          null,
          0,
          0,
          0,
          null,
          null,
          0,
          0,
          null,
          null,
          0,
          0,
          null,
          0,
          0,
          0,
          0,
          0,
          0,
          null,
          null,
          0,
          0,
          0,
          0,
          0,
          0,
          0,
          null,
          null,
          0,
          0,
          0,
          0,
          null,
          0,
          null,
          0,
          0,
          0,
          null,
          null,
          0,
          0,
          0,
          0
        ],
        "branches": {
        }
      },
      "/home/codio/workspace/student_tutor_matching/app/controllers/welcome_controller.rb": {
        "lines": [
          0,
          0,
          0,
          0,
          0,
          0
        ],
        "branches": {
        }
      },
      "/home/codio/workspace/student_tutor_matching/app/controllers/pairings_controller.rb": {
        "lines": [
          0,
          0,
          null,
          0,
          0,
          0,
          null,
          0,
          0,
          null,
          0,
          0,
          null,
          0,
          null,
          0,
          null,
          0,
          null,
          0,
          null,
          null,
          0
        ],
        "branches": {
        }
      },
      "/home/codio/workspace/student_tutor_matching/app/controllers/about_controller.rb": {
        "lines": [
          0,
          0,
          0,
          null
        ],
        "branches": {
        }
      }
    },
    "timestamp": 1622147165
  }
}
